app/build/intermediates/manifest_merge_blame_file/debug/manifest-merger-blame-debug-report.txt
1<?xml version="1.0" encoding="utf-8"?>
2<manifest xmlns:android="http://schemas.android.com/apk/res/android"
3    package="araobp.theta"
4    android:versionCode="1"
5    android:versionName="1.0" >
6    <!--
7<uses-permission android:name="android.permission.WRITE_SETTINGS"
8        tools:ignore="ProtectedPermissions" />
9    -->
10    <uses-sdk
11        android:minSdkVersion="28"
11-->src\main\AndroidManifest.xml
12        android:targetSdkVersion="29" />
12-->src\main\AndroidManifest.xml
13
14    <uses-permission android:name="android.permission.INTERNET" />
14-->src\main\AndroidManifest.xml:24:5-67
14-->src\main\AndroidManifest.xml:24:22-64
15    <uses-permission android:name="android.permission.ACCESS_NETWORK_STATE" />
15-->src\main\AndroidManifest.xml:25:5-79
15-->src\main\AndroidManifest.xml:25:22-76
16    <uses-permission android:name="android.permission.CHANGE_NETWORK_STATE" />
16-->src\main\AndroidManifest.xml:26:5-78
16-->src\main\AndroidManifest.xml:26:22-76
17    <uses-permission android:name="android.permission.ACCESS_WIFI_STATE" />
17-->src\main\AndroidManifest.xml:27:5-76
17-->src\main\AndroidManifest.xml:27:22-73
18    <uses-permission android:name="android.permission.CHANGE_WIFI_STATE" />
18-->src\main\AndroidManifest.xml:28:5-76
18-->src\main\AndroidManifest.xml:28:22-73
19
20    <application
20-->src\main\AndroidManifest.xml:6:5-22:19
21        android:allowBackup="true"
21-->src\main\AndroidManifest.xml:9:9-35
22        android:appComponentFactory="androidx.core.app.CoreComponentFactory"
22-->[androidx.core:core:1.2.0] AndroidManifest.xml:24:18-86
23        android:debuggable="true"
24        android:extractNativeLibs="false"
25        android:icon="@mipmap/ic_launcher"
25-->src\main\AndroidManifest.xml:10:9-43
26        android:label="@string/app_name"
26-->src\main\AndroidManifest.xml:11:9-41
27        android:networkSecurityConfig="@xml/network_security_config"
27-->src\main\AndroidManifest.xml:8:9-69
28        android:roundIcon="@mipmap/ic_launcher_round"
28-->src\main\AndroidManifest.xml:12:9-54
29        android:supportsRtl="true"
29-->src\main\AndroidManifest.xml:13:9-35
30        android:testOnly="true"
31        android:theme="@style/AppTheme"
31-->src\main\AndroidManifest.xml:14:9-40
32        android:usesCleartextTraffic="true" >
32-->src\main\AndroidManifest.xml:7:9-44
33        <activity android:name="araobp.theta.MainActivity" >
33-->src\main\AndroidManifest.xml:15:9-21:20
33-->src\main\AndroidManifest.xml:15:19-47
34            <intent-filter>
34-->src\main\AndroidManifest.xml:16:13-20:29
35                <action android:name="android.intent.action.MAIN" />
35-->src\main\AndroidManifest.xml:17:17-69
35-->src\main\AndroidManifest.xml:17:25-66
36
37                <category android:name="android.intent.category.LAUNCHER" />
37-->src\main\AndroidManifest.xml:19:17-77
37-->src\main\AndroidManifest.xml:19:27-74
38            </intent-filter>
39        </activity>
40    </application>
41
42</manifest>